1645271296908	geckodriver	INFO	Listening on 127.0.0.1:62173
1645271299927	mozrunner::runner	INFO	Running command: "C:\\Program Files\\Mozilla Firefox\\firefox.exe" "--marionette" "--remote-debugging-port" "62174" "-no-remote" "-profile" "C:\\Users\\Ainesh\\AppData\\Local\\Temp\\rust_mozprofileTnJkER"
1645271300717	Marionette	INFO	Marionette enabled
console.warn: SearchSettings: "get: No settings file exists, new profile?" (new NotFoundError("Could not open the file at C:\\Users\\Ainesh\\AppData\\Local\\Temp\\rust_mozprofileTnJkER\\search.json.mozlz4", (void 0)))
DevTools listening on ws://localhost:62174/devtools/browser/acc16822-0da0-4b9e-94a4-04e9ad26adf2
1645271303767	Marionette	INFO	Listening on port 62181
1645271304040	Marionette	WARN	TLS certificate errors will be ignored for this session
!!! error running onStopped callback: TypeError: callback is not a function
1645271425309	Marionette	INFO	Stopped listening on port 62181
1645271425343	RemoteAgent	ERROR	unable to stop listener: [Exception... "Component returned failure code: 0x8000ffff (NS_ERROR_UNEXPECTED) [nsIWindowMediator.getEnumerator]"  nsresult: "0x8000ffff (NS_ERROR_UNEXPECTED)"  location: "JS frame :: chrome://remote/content/cdp/observers/TargetObserver.jsm :: stop :: line 64"  data: no] Stack trace: stop()@TargetObserver.jsm:64
unwatchForTabs()@TargetList.jsm:70
unwatchForTargets()@TargetList.jsm:37
destructor()@TargetList.jsm:109
close()@RemoteAgent.jsm:136
1645271433484	geckodriver	INFO	Listening on 127.0.0.1:52145
1645271436558	mozrunner::runner	INFO	Running command: "C:\\Program Files\\Mozilla Firefox\\firefox.exe" "--marionette" "--remote-debugging-port" "52146" "-no-remote" "-profile" "C:\\Users\\Ainesh\\AppData\\Local\\Temp\\rust_mozprofilegoRY0s"
1645271437060	Marionette	INFO	Marionette enabled
console.warn: SearchSettings: "get: No settings file exists, new profile?" (new NotFoundError("Could not open the file at C:\\Users\\Ainesh\\AppData\\Local\\Temp\\rust_mozprofilegoRY0s\\search.json.mozlz4", (void 0)))
DevTools listening on ws://localhost:52146/devtools/browser/7d309477-a21c-42bb-918b-dc577fa8cdba
1645271439205	Marionette	INFO	Listening on port 52152
1645271439219	Marionette	WARN	TLS certificate errors will be ignored for this session
!!! error running onStopped callback: TypeError: callback is not a function
1645271474743	Marionette	INFO	Stopped listening on port 52152

###!!! [Child][RunMessage] Error: Channel closing: too late to send/recv, messages will be lost

1645271474834	RemoteAgent	ERROR	unable to stop listener: [Exception... "Component returned failure code: 0x8000ffff (NS_ERROR_UNEXPECTED) [nsIWindowMediator.getEnumerator]"  nsresult: "0x8000ffff (NS_ERROR_UNEXPECTED)"  location: "JS frame :: chrome://remote/content/cdp/observers/TargetObserver.jsm :: stop :: line 64"  data: no] Stack trace: stop()@TargetObserver.jsm:64
unwatchForTabs()@TargetList.jsm:70
unwatchForTargets()@TargetList.jsm:37
destructor()@TargetList.jsm:109
close()@RemoteAgent.jsm:136
1645271477569	geckodriver	INFO	Listening on 127.0.0.1:50251
1645271480619	mozrunner::runner	INFO	Running command: "C:\\Program Files\\Mozilla Firefox\\firefox.exe" "--marionette" "--remote-debugging-port" "50252" "-no-remote" "-profile" "C:\\Users\\Ainesh\\AppData\\Local\\Temp\\rust_mozprofile7GroDP"
1645271480989	Marionette	INFO	Marionette enabled
console.warn: SearchSettings: "get: No settings file exists, new profile?" (new NotFoundError("Could not open the file at C:\\Users\\Ainesh\\AppData\\Local\\Temp\\rust_mozprofile7GroDP\\search.json.mozlz4", (void 0)))
DevTools listening on ws://localhost:50252/devtools/browser/94b43a23-b928-455e-b224-5822bfe72b30
1645271483166	Marionette	INFO	Listening on port 50259
1645271483284	Marionette	WARN	TLS certificate errors will be ignored for this session
!!! error running onStopped callback: TypeError: callback is not a function
1645271547098	Marionette	INFO	Stopped listening on port 50259

###!!! [Child][RunMessage] Error: Channel closing: too late to send/recv, messages will be lost

1645271547248	RemoteAgent	ERROR	unable to stop listener: [Exception... "Component returned failure code: 0x8000ffff (NS_ERROR_UNEXPECTED) [nsIWindowMediator.getEnumerator]"  nsresult: "0x8000ffff (NS_ERROR_UNEXPECTED)"  location: "JS frame :: chrome://remote/content/cdp/observers/TargetObserver.jsm :: stop :: line 64"  data: no] Stack trace: stop()@TargetObserver.jsm:64
unwatchForTabs()@TargetList.jsm:70
unwatchForTargets()@TargetList.jsm:37
destructor()@TargetList.jsm:109
close()@RemoteAgent.jsm:136
	TLS certificate errors will be ignored for this session
!!! error running onStopped callback: TypeError: callback is not a function
1645271548089	Marionette	INFO	Stopped listening on port 50381

###!!! [Child][RunMessage] Error: Channel closing: too late to send/recv, messages will be lost

1645271548142	RemoteAgent	ERROR	unable to stop listener: [Exception... "Component returned failure code: 0x8000ffff (NS_ERROR_UNEXPECTED) [nsIWindowMediator.getEnumerator]"  nsresult: "0x8000ffff (NS_ERROR_UNEXPECTED)"  location: "JS frame :: chrome://remote/content/cdp/observers/TargetObserver.jsm :: stop :: line 64"  data: no] Stack trace: stop()@TargetObserver.jsm:64
unwatchForTabs()@TargetList.jsm:70
unwatchForTargets()@TargetList.jsm:37
destructor()@TargetList.jsm:109
close()@RemoteAgent.jsm:136
1645271561680	geckodriver	INFO	Listening on 127.0.0.1:50479
1645271564729	mozrunner::runner	INFO	Running command: "C:\\Program Files\\Mozilla Firefox\\firefox.exe" "--marionette" "--remote-debugging-port" "50480" "-no-remote" "-profile" "C:\\Users\\Ainesh\\AppData\\Local\\Temp\\rust_mozprofileD1RRkq"
1645271565270	Marionette	INFO	Marionette enabled
console.warn: SearchSettings: "get: No settings file exists, new profile?" (new NotFoundError("Could not open the file at C:\\Users\\Ainesh\\AppData\\Local\\Temp\\rust_mozprofileD1RRkq\\search.json.mozlz4", (void 0)))
DevTools listening on ws://localhost:50480/devtools/browser/77ef347b-b55f-46f4-aa77-aedca586c63e
1645271567353	Marionette	INFO	Listening on port 62993
1645271567402	Marionette	WARN	TLS certificate errors will be ignored for this session
!!! error running onStopped callback: TypeError: callback is not a function
1645271575572	Marionette	INFO	Stopped listening on port 62993

###!!! [Child][RunMessage] Error: Channel closing: too late to send/recv, messages will be lost

1645271575678	RemoteAgent	ERROR	unable to stop listener: [Exception... "Component returned failure code: 0x8000ffff (NS_ERROR_UNEXPECTED) [nsIWindowMediator.getEnumerator]"  nsresult: "0x8000ffff (NS_ERROR_UNEXPECTED)"  location: "JS frame :: chrome://remote/content/cdp/observers/TargetObserver.jsm :: stop :: line 64"  data: no] Stack trace: stop()@TargetObserver.jsm:64
unwatchForTabs()@TargetList.jsm:70
unwatchForTargets()@TargetList.jsm:37
destructor()@TargetList.jsm:109
close()@RemoteAgent.jsm:136
1645271598135	geckodriver	INFO	Listening on 127.0.0.1:63083
1645271601185	mozrunner::runner	INFO	Running command: "C:\\Program Files\\Mozilla Firefox\\firefox.exe" "--marionette" "--remote-debugging-port" "63084" "-no-remote" "-profile" "C:\\Users\\Ainesh\\AppData\\Local\\Temp\\rust_mozprofileAGtcMW"
1645271601578	Marionette	INFO	Marionette enabled
console.warn: SearchSettings: "get: No settings file exists, new profile?" (new NotFoundError("Could not open the file at C:\\Users\\Ainesh\\AppData\\Local\\Temp\\rust_mozprofileAGtcMW\\search.json.mozlz4", (void 0)))
DevTools listening on ws://localhost:63084/devtools/browser/dc82795e-adfa-4bd7-8ec4-70929f9de91c
1645271603719	Marionette	INFO	Listening on port 63091
1645271603858	Marionette	WARN	TLS certificate errors will be ignored for this session
console.warn: LoginRecipes: "getRecipes: falling back to a synchronous message for:" "https://www.google.com"
!!! error running onStopped callback: TypeError: callback is not a function
1645272111028	Marionette	INFO	Stopped listening on port 63091

###!!! [Child][RunMessage] Error: Channel closing: too late to send/recv, messages will be lost

1645272111052	RemoteAgent	ERROR	unable to stop listener: [Exception... "Component returned failure code: 0x8000ffff (NS_ERROR_UNEXPECTED) [nsIWindowMediator.getEnumerator]"  nsresult: "0x8000ffff (NS_ERROR_UNEXPECTED)"  location: "JS frame :: chrome://remote/content/cdp/observers/TargetObserver.jsm :: stop :: line 64"  data: no] Stack trace: stop()@TargetObserver.jsm:64
unwatchForTabs()@TargetList.jsm:70
unwatchForTargets()@TargetList.jsm:37
destructor()@TargetList.jsm:109
close()@RemoteAgent.jsm:136
1645272119168	geckodriver	INFO	Listening on 127.0.0.1:64293
1645272122206	mozrunner::runner	INFO	Running command: "C:\\Program Files\\Mozilla Firefox\\firefox.exe" "--marionette" "--remote-debugging-port" "64294" "-no-remote" "-profile" "C:\\Users\\Ainesh\\AppData\\Local\\Temp\\rust_mozprofileo8qL02"
1645272122615	Marionette	INFO	Marionette enabled
console.warn: SearchSettings: "get: No settings file exists, new profile?" (new NotFoundError("Could not open the file at C:\\Users\\Ainesh\\AppData\\Local\\Temp\\rust_mozprofileo8qL02\\search.json.mozlz4", (void 0)))
DevTools listening on ws://localhost:64294/devtools/browser/5d5ce05d-9bb9-44a3-a4ca-c23757f12aac
1645272124719	Marionette	INFO	Listening on port 64303
1645272124876	Marionette	WARN	TLS certificate errors will be ignored for this session
!!! error running onStopped callback: TypeError: callback is not a function
1645273391516	Marionette	INFO	Stopped listening on port 64303
1645273391547	RemoteAgent	ERROR	unable to stop listener: [Exception... "Component returned failure code: 0x8000ffff (NS_ERROR_UNEXPECTED) [nsIWindowMediator.getEnumerator]"  nsresult: "0x8000ffff (NS_ERROR_UNEXPECTED)"  location: "JS frame :: chrome://remote/content/cdp/observers/TargetObserver.jsm :: stop :: line 64"  data: no] Stack trace: stop()@TargetObserver.jsm:64
unwatchForTabs()@TargetList.jsm:70
unwatchForTargets()@TargetList.jsm:37
destructor()@TargetList.jsm:109
close()@RemoteAgent.jsm:136
f6a-d7b71b76621b
1645272463831	Marionette	INFO	Listening on port 60495
1645272463896	Marionette	WARN	TLS certificate errors will be ignored for this session
!!! error running onStopped callback: TypeError: callback is not a function
1645272830228	Marionette	INFO	Stopped listening on port 60495

###!!! [Child][RunMessage] Error: Channel closing: too late to send/recv, messages will be lost

1645272830252	RemoteAgent	ERROR	unable to stop listener: [Exception... "Component returned failure code: 0x8000ffff (NS_ERROR_UNEXPECTED) [nsIWindowMediator.getEnumerator]"  nsresult: "0x8000ffff (NS_ERROR_UNEXPECTED)"  location: "JS frame :: chrome://remote/content/cdp/observers/TargetObserver.jsm :: stop :: line 64"  data: no] Stack trace: stop()@TargetObserver.jsm:64
unwatchForTabs()@TargetList.jsm:70
unwatchForTargets()@TargetList.jsm:37
destructor()@TargetList.jsm:109
close()@RemoteAgent.jsm:136
	TLS certificate errors will be ignored for this session
!!! error running onStopped callback: TypeError: callback is not a function
1645272826169	Marionette	INFO	Stopped listening on port 51608
1645272826273	RemoteAgent	ERROR	unable to stop listener: [Exception... "Component returned failure code: 0x8000ffff (NS_ERROR_UNEXPECTED) [nsIWindowMediator.getEnumerator]"  nsresult: "0x8000ffff (NS_ERROR_UNEXPECTED)"  location: "JS frame :: chrome://remote/content/cdp/observers/TargetObserver.jsm :: stop :: line 64"  data: no] Stack trace: stop()@TargetObserver.jsm:64
unwatchForTabs()@TargetList.jsm:70
unwatchForTargets()@TargetList.jsm:37
destructor()@TargetList.jsm:109
close()@RemoteAgent.jsm:136
1645272834793	geckodriver	INFO	Listening on 127.0.0.1:51707
1645272837831	mozrunner::runner	INFO	Running command: "C:\\Program Files\\Mozilla Firefox\\firefox.exe" "--marionette" "--remote-debugging-port" "51708" "-no-remote" "-profile" "C:\\Users\\Ainesh\\AppData\\Local\\Temp\\rust_mozprofileoUx97t"
1645272838269	Marionette	INFO	Marionette enabled
console.warn: SearchSettings: "get: No settings file exists, new profile?" (new NotFoundError("Could not open the file at C:\\Users\\Ainesh\\AppData\\Local\\Temp\\rust_mozprofileoUx97t\\search.json.mozlz4", (void 0)))
DevTools listening on ws://localhost:51708/devtools/browser/30ee17d1-ee81-4010-9570-f9fd34971ce4
1645272840505	Marionette	INFO	Listening on port 51715
1645272840996	Marionette	WARN	TLS certificate errors will be ignored for this session
!!! error running onStopped callback: TypeError: callback is not a function
1645273385313	Marionette	INFO	Stopped listening on port 51715

###!!! [Child][RunMessage] Error: Channel closing: too late to send/recv, messages will be lost

1645273385343	RemoteAgent	ERROR	unable to stop listener: [Exception... "Component returned failure code: 0x8000ffff (NS_ERROR_UNEXPECTED) [nsIWindowMediator.getEnumerator]"  nsresult: "0x8000ffff (NS_ERROR_UNEXPECTED)"  location: "JS frame :: chrome://remote/content/cdp/observers/TargetObserver.jsm :: stop :: line 64"  data: no] Stack trace: stop()@TargetObserver.jsm:64
unwatchForTabs()@TargetList.jsm:70
unwatchForTargets()@TargetList.jsm:37
destructor()@TargetList.jsm:109
close()@RemoteAgent.jsm:136
	TLS certificate errors will be ignored for this session
!!! error running onStopped callback: TypeError: callback is not a function
1645273013138	Marionette	INFO	Stopped listening on port 57521

###!!! [Child][RunMessage] Error: Channel closing: too late to send/recv, messages will be lost

1645273013213	RemoteAgent	ERROR	unable to stop listener: [Exception... "Component returned failure code: 0x8000ffff (NS_ERROR_UNEXPECTED) [nsIWindowMediator.getEnumerator]"  nsresult: "0x8000ffff (NS_ERROR_UNEXPECTED)"  location: "JS frame :: chrome://remote/content/cdp/observers/TargetObserver.jsm :: stop :: line 64"  data: no] Stack trace: stop()@TargetObserver.jsm:64
unwatchForTabs()@TargetList.jsm:70
unwatchForTargets()@TargetList.jsm:37
destructor()@TargetList.jsm:109
close()@RemoteAgent.jsm:136
1645273018476	geckodriver	INFO	Listening on 127.0.0.1:53447
1645273021519	mozrunner::runner	INFO	Running command: "C:\\Program Files\\Mozilla Firefox\\firefox.exe" "--marionette" "--remote-debugging-port" "53448" "-no-remote" "-profile" "C:\\Users\\Ainesh\\AppData\\Local\\Temp\\rust_mozprofile0Cri32"
1645273021911	Marionette	INFO	Marionette enabled
console.warn: SearchSettings: "get: No settings file exists, new profile?" (new NotFoundError("Could not open the file at C:\\Users\\Ainesh\\AppData\\Local\\Temp\\rust_mozprofile0Cri32\\search.json.mozlz4", (void 0)))
DevTools listening on ws://localhost:53448/devtools/browser/b9eaae22-99d5-41ff-9922-732f7ddd5501
1645273023992	Marionette	INFO	Listening on port 53458
1645273024198	Marionette	WARN	TLS certificate errors will be ignored for this session
!!! error running onStopped callback: TypeError: callback is not a function
1645273377196	Marionette	INFO	Stopped listening on port 53458

###!!! [Child][RunMessage] Error: Channel closing: too late to send/recv, messages will be lost

1645273377221	RemoteAgent	ERROR	unable to stop listener: [Exception... "Component returned failure code: 0x8000ffff (NS_ERROR_UNEXPECTED) [nsIWindowMediator.getEnumerator]"  nsresult: "0x8000ffff (NS_ERROR_UNEXPECTED)"  location: "JS frame :: chrome://remote/content/cdp/observers/TargetObserver.jsm :: stop :: line 64"  data: no] Stack trace: stop()@TargetObserver.jsm:64
unwatchForTabs()@TargetList.jsm:70
unwatchForTargets()@TargetList.jsm:37
destructor()@TargetList.jsm:109
close()@RemoteAgent.jsm:136
	INFO	Listening on port 65180
1645273209560	Marionette	WARN	TLS certificate errors will be ignored for this session
!!! error running onStopped callback: TypeError: callback is not a function
1645273375904	Marionette	INFO	Stopped listening on port 65180
1645273375931	RemoteAgent	ERROR	unable to stop listener: [Exception... "Component returned failure code: 0x8000ffff (NS_ERROR_UNEXPECTED) [nsIWindowMediator.getEnumerator]"  nsresult: "0x8000ffff (NS_ERROR_UNEXPECTED)"  location: "JS frame :: chrome://remote/content/cdp/observers/TargetObserver.jsm :: stop :: line 64"  data: no] Stack trace: stop()@TargetObserver.jsm:64
unwatchForTabs()@TargetList.jsm:70
unwatchForTargets()@TargetList.jsm:37
destructor()@TargetList.jsm:109
close()@RemoteAgent.jsm:136
2f7-fa3d5b5f39f9
1645273335077	Marionette	INFO	Listening on port 53733
1645273335543	Marionette	WARN	TLS certificate errors will be ignored for this session
!!! error running onStopped callback: TypeError: callback is not a function
1645273374244	Marionette	INFO	Stopped listening on port 53733

###!!! [Child][RunMessage] Error: Channel closing: too late to send/recv, messages will be lost

1645273374337	RemoteAgent	ERROR	unable to stop listener: [Exception... "Component returned failure code: 0x8000ffff (NS_ERROR_UNEXPECTED) [nsIWindowMediator.getEnumerator]"  nsresult: "0x8000ffff (NS_ERROR_UNEXPECTED)"  location: "JS frame :: chrome://remote/content/cdp/observers/TargetObserver.jsm :: stop :: line 64"  data: no] Stack trace: stop()@TargetObserver.jsm:64
unwatchForTabs()@TargetList.jsm:70
unwatchForTargets()@TargetList.jsm:37
destructor()@TargetList.jsm:109
close()@RemoteAgent.jsm:136
1645273397322	geckodriver	INFO	Listening on 127.0.0.1:53811
1645273400347	mozrunner::runner	INFO	Running command: "C:\\Program Files\\Mozilla Firefox\\firefox.exe" "--marionette" "--remote-debugging-port" "53812" "-no-remote" "-profile" "C:\\Users\\Ainesh\\AppData\\Local\\Temp\\rust_mozprofileghmNLD"
1645273400731	Marionette	INFO	Marionette enabled
console.warn: SearchSettings: "get: No settings file exists, new profile?" (new NotFoundError("Could not open the file at C:\\Users\\Ainesh\\AppData\\Local\\Temp\\rust_mozprofileghmNLD\\search.json.mozlz4", (void 0)))
DevTools listening on ws://localhost:53812/devtools/browser/6a17a569-a177-41ba-bc7c-838a6f98565a
1645273402825	Marionette	INFO	Listening on port 53817
1645273403021	Marionette	WARN	TLS certificate errors will be ignored for this session
Handler function threw an exception: TypeError: topFrame.browsingContext is null
Stack: matchRequest@resource://devtools/server/actors/network-monitor/network-observer.js:126:9
_onRequestHeader@resource://devtools/server/actors/network-monitor/network-observer.js:814:10
NetworkObserver.prototype.observeActivity<@resource://devtools/server/actors/network-monitor/network-observer.js:699:12
exports.makeInfallible/<@resource://devtools/shared/ThreadSafeDevToolsUtils.js:103:22
Line: 126, column: 9
console.error: (new TypeError("topFrame.browsingContext is null", "resource://devtools/server/actors/network-monitor/network-observer.js", 126))
Handler function _httpResponseExaminer threw an exception: TypeError: topFrame.browsingContext is null
Stack: matchRequest@resource://devtools/server/actors/network-monitor/network-observer.js:126:9
_httpResponseExaminer@resource://devtools/server/actors/network-monitor/network-observer.js:445:10
exports.makeInfallible/<@resource://devtools/shared/ThreadSafeDevToolsUtils.js:103:22
Line: 126, column: 9
console.error: (new TypeError("topFrame.browsingContext is null", "resource://devtools/server/actors/network-monitor/network-observer.js", 126))
Handler function threw an exception: TypeError: topFrame.browsingContext is null
Stack: matchRequest@resource://devtools/server/actors/network-monitor/network-observer.js:126:9
_onRequestHeader@resource://devtools/server/actors/network-monitor/network-observer.js:814:10
NetworkObserver.prototype.observeActivity<@resource://devtools/server/actors/network-monitor/network-observer.js:699:12
exports.makeInfallible/<@resource://devtools/shared/ThreadSafeDevToolsUtils.js:103:22
Line: 126, column: 9
console.error: (new TypeError("topFrame.browsingContext is null", "resource://devtools/server/actors/network-monitor/network-observer.js", 126))
Handler function _httpResponseExaminer threw an exception: TypeError: topFrame.browsingContext is null
Stack: matchRequest@resource://devtools/server/actors/network-monitor/network-observer.js:126:9
_httpResponseExaminer@resource://devtools/server/actors/network-monitor/network-observer.js:445:10
exports.makeInfallible/<@resource://devtools/shared/ThreadSafeDevToolsUtils.js:103:22
Line: 126, column: 9
console.error: (new TypeError("topFrame.browsingContext is null", "resource://devtools/server/actors/network-monitor/network-observer.js", 126))
JavaScript error: , line 0: TypeError: NetworkError when attempting to fetch resource.
!!! error running onStopped callback: TypeError: callback is not a function
1645274247681	Marionette	INFO	Stopped listening on port 53817
1645274247718	RemoteAgent	ERROR	unable to stop listener: [Exception... "Component returned failure code: 0x8000ffff (NS_ERROR_UNEXPECTED) [nsIWindowMediator.getEnumerator]"  nsresult: "0x8000ffff (NS_ERROR_UNEXPECTED)"  location: "JS frame :: chrome://remote/content/cdp/observers/TargetObserver.jsm :: stop :: line 64"  data: no] Stack trace: stop()@TargetObserver.jsm:64
unwatchForTabs()@TargetList.jsm:70
unwatchForTargets()@TargetList.jsm:37
destructor()@TargetList.jsm:109
close()@RemoteAgent.jsm:136
rionette	WARN	TLS certificate errors will be ignored for this session
!!! error running onStopped callback: TypeError: callback is not a function
1645274684450	Marionette	INFO	Stopped listening on port 54412

###!!! [Child][RunMessage] Error: Channel closing: too late to send/recv, messages will be lost

1645274684479	RemoteAgent	ERROR	unable to stop listener: [Exception... "Component returned failure code: 0x8000ffff (NS_ERROR_UNEXPECTED) [nsIWindowMediator.getEnumerator]"  nsresult: "0x8000ffff (NS_ERROR_UNEXPECTED)"  location: "JS frame :: chrome://remote/content/cdp/observers/TargetObserver.jsm :: stop :: line 64"  data: no] Stack trace: stop()@TargetObserver.jsm:64
unwatchForTabs()@TargetList.jsm:70
unwatchForTargets()@TargetList.jsm:37
destructor()@TargetList.jsm:109
close()@RemoteAgent.jsm:136
	TLS certificate errors will be ignored for this session
!!! error running onStopped callback: TypeError: callback is not a function
1645274685423	Marionette	INFO	Stopped listening on port 58504
1645274685466	RemoteAgent	ERROR	unable to stop listener: [Exception... "Component returned failure code: 0x8000ffff (NS_ERROR_UNEXPECTED) [nsIWindowMediator.getEnumerator]"  nsresult: "0x8000ffff (NS_ERROR_UNEXPECTED)"  location: "JS frame :: chrome://remote/content/cdp/observers/TargetObserver.jsm :: stop :: line 64"  data: no] Stack trace: stop()@TargetObserver.jsm:64
unwatchForTabs()@TargetList.jsm:70
unwatchForTargets()@TargetList.jsm:37
destructor()@TargetList.jsm:109
close()@RemoteAgent.jsm:136
1645294341239	geckodriver	INFO	Listening on 127.0.0.1:62855
1645294344215	mozrunner::runner	INFO	Running command: "C:\\Program Files\\Mozilla Firefox\\firefox.exe" "--marionette" "--remote-debugging-port" "62856" "-no-remote" "-profile" "C:\\Users\\Ainesh\\AppData\\Local\\Temp\\rust_mozprofileQZk4tH"
1645294344830	Marionette	INFO	Marionette enabled
console.warn: SearchSettings: "get: No settings file exists, new profile?" (new NotFoundError("Could not open the file at C:\\Users\\Ainesh\\AppData\\Local\\Temp\\rust_mozprofileQZk4tH\\search.json.mozlz4", (void 0)))
DevTools listening on ws://localhost:62856/devtools/browser/8c0e4192-8fa7-4b70-8b9c-edb6f0da2ea9
1645294346944	Marionette	INFO	Listening on port 62864
1645294347406	Marionette	WARN	TLS certificate errors will be ignored for this session
JavaScript error: https://studentsupportaccelerator.com/sites/default/files/asset_injector/js/test1-992e2fc6b86d15e5a74e6852e7c2666e.js?r7drz7, line 1: TypeError: $ is not a function
JavaScript error: https://studentsupportaccelerator.com/sites/default/files/asset_injector/js/test1-992e2fc6b86d15e5a74e6852e7c2666e.js?r7drz7, line 1: TypeError: $ is not a function
!!! error running onStopped callback: TypeError: callback is not a function
1645294570392	Marionette	INFO	Stopped listening on port 62864

###!!! [Child][RunMessage] Error: Channel closing: too late to send/recv, messages will be lost

1645294570416	RemoteAgent	ERROR	unable to stop listener: [Exception... "Component returned failure code: 0x8000ffff (NS_ERROR_UNEXPECTED) [nsIWindowMediator.getEnumerator]"  nsresult: "0x8000ffff (NS_ERROR_UNEXPECTED)"  location: "JS frame :: chrome://remote/content/cdp/observers/TargetObserver.jsm :: stop :: line 64"  data: no] Stack trace: stop()@TargetObserver.jsm:64
unwatchForTabs()@TargetList.jsm:70
unwatchForTargets()@TargetList.jsm:37
destructor()@TargetList.jsm:109
close()@RemoteAgent.jsm:136
1645294576085	geckodriver	INFO	Listening on 127.0.0.1:49382
1645294579134	mozrunner::runner	INFO	Running command: "C:\\Program Files\\Mozilla Firefox\\firefox.exe" "--marionette" "--remote-debugging-port" "49383" "-no-remote" "-profile" "C:\\Users\\Ainesh\\AppData\\Local\\Temp\\rust_mozprofileBScNKY"
1645294579629	Marionette	INFO	Marionette enabled
console.warn: SearchSettings: "get: No settings file exists, new profile?" (new NotFoundError("Could not open the file at C:\\Users\\Ainesh\\AppData\\Local\\Temp\\rust_mozprofileBScNKY\\search.json.mozlz4", (void 0)))
DevTools listening on ws://localhost:49383/devtools/browser/8151e4fb-4faf-4cf9-a2fc-c529c8063ed3
1645294581772	Marionette	INFO	Listening on port 49393
1645294581807	Marionette	WARN	TLS certificate errors will be ignored for this session
JavaScript error: https://studentsupportaccelerator.com/sites/default/files/asset_injector/js/test1-992e2fc6b86d15e5a74e6852e7c2666e.js?r7drz7, line 1: TypeError: $ is not a function
console.warn: LoginRecipes: "getRecipes: falling back to a synchronous message for:" "https://studentsupportaccelerator.com"
!!! error running onStopped callback: TypeError: callback is not a function
1645294633038	Marionette	INFO	Stopped listening on port 49393

###!!! [Child][RunMessage] Error: Channel closing: too late to send/recv, messages will be lost

1645294633148	RemoteAgent	ERROR	unable to stop listener: [Exception... "Component returned failure code: 0x8000ffff (NS_ERROR_UNEXPECTED) [nsIWindowMediator.getEnumerator]"  nsresult: "0x8000ffff (NS_ERROR_UNEXPECTED)"  location: "JS frame :: chrome://remote/content/cdp/observers/TargetObserver.jsm :: stop :: line 64"  data: no] Stack trace: stop()@TargetObserver.jsm:64
unwatchForTabs()@TargetList.jsm:70
unwatchForTargets()@TargetList.jsm:37
destructor()@TargetList.jsm:109
close()@RemoteAgent.jsm:136
1645294637397	geckodriver	INFO	Listening on 127.0.0.1:49310
1645294640444	mozrunner::runner	INFO	Running command: "C:\\Program Files\\Mozilla Firefox\\firefox.exe" "--marionette" "--remote-debugging-port" "49311" "-no-remote" "-profile" "C:\\Users\\Ainesh\\AppData\\Local\\Temp\\rust_mozprofilehbErWo"
1645294640805	Marionette	INFO	Marionette enabled
console.warn: SearchSettings: "get: No settings file exists, new profile?" (new NotFoundError("Could not open the file at C:\\Users\\Ainesh\\AppData\\Local\\Temp\\rust_mozprofilehbErWo\\search.json.mozlz4", (void 0)))
DevTools listening on ws://localhost:49311/devtools/browser/47e4db83-ee5d-45d3-b30b-9b8c18e61c1b
1645294643109	Marionette	INFO	Listening on port 49319
1645294643613	Marionette	WARN	TLS certificate errors will be ignored for this session
JavaScript error: https://studentsupportaccelerator.com/sites/default/files/asset_injector/js/test1-992e2fc6b86d15e5a74e6852e7c2666e.js?r7drz7, line 1: TypeError: $ is not a function
JavaScript error: resource://gre/actors/AutoCompleteChild.jsm, line 125: Error: Invalid autocomplete selectedIndex
console.warn: LoginRecipes: "getRecipes: falling back to a synchronous message for:" "https://studentsupportaccelerator.com"
!!! error running onStopped callback: TypeError: callback is not a function
1645294975665	Marionette	INFO	Stopped listening on port 49319
1645294975697	RemoteAgent	ERROR	unable to stop listener: [Exception... "Component returned failure code: 0x8000ffff (NS_ERROR_UNEXPECTED) [nsIWindowMediator.getEnumerator]"  nsresult: "0x8000ffff (NS_ERROR_UNEXPECTED)"  location: "JS frame :: chrome://remote/content/cdp/observers/TargetObserver.jsm :: stop :: line 64"  data: no] Stack trace: stop()@TargetObserver.jsm:64
unwatchForTabs()@TargetList.jsm:70
unwatchForTargets()@TargetList.jsm:37
destructor()@TargetList.jsm:109
close()@RemoteAgent.jsm:136
367-75fb931eef45
1645294881751	Marionette	INFO	Listening on port 57831
1645294881934	Marionette	WARN	TLS certificate errors will be ignored for this session
JavaScript error: https://studentsupportaccelerator.com/sites/default/files/asset_injector/js/test1-992e2fc6b86d15e5a74e6852e7c2666e.js?r7drz7, line 1: TypeError: $ is not a function
JavaScript error: resource://gre/actors/AutoCompleteChild.jsm, line 125: Error: Invalid autocomplete selectedIndex
!!! error running onStopped callback: TypeError: callback is not a function
1645294977809	Marionette	INFO	Stopped listening on port 57831

###!!! [Child][RunMessage] Error: Channel closing: too late to send/recv, messages will be lost

1645294978089	RemoteAgent	ERROR	unable to stop listener: [Exception... "Component returned failure code: 0x8000ffff (NS_ERROR_UNEXPECTED) [nsIWindowMediator.getEnumerator]"  nsresult: "0x8000ffff (NS_ERROR_UNEXPECTED)"  location: "JS frame :: chrome://remote/content/cdp/observers/TargetObserver.jsm :: stop :: line 64"  data: no] Stack trace: stop()@TargetObserver.jsm:64
unwatchForTabs()@TargetList.jsm:70
unwatchForTargets()@TargetList.jsm:37
destructor()@TargetList.jsm:109
close()@RemoteAgent.jsm:136
